This is pdfTeX, Version 3.1415926-2.4-1.40.13 (MiKTeX 2.9) (preloaded format=pdflatex 2013.10.1)  1 MAR 2015 16:01
entering extended mode
**C:/Users/Amy/Documents/GitHub/molecular_dynamics-1/report/MolDynReport.tex
(C:/Users/Amy/Documents/GitHub/molecular_dynamics-1/report/MolDynReport.tex
LaTeX2e <2011/06/27>
Babel <v3.8m> and hyphenation patterns for english, afrikaans, ancientgreek, ar
abic, armenian, assamese, basque, bengali, bokmal, bulgarian, catalan, coptic, 
croatian, czech, danish, dutch, esperanto, estonian, farsi, finnish, french, ga
lician, german, german-x-2012-05-30, greek, gujarati, hindi, hungarian, iceland
ic, indonesian, interlingua, irish, italian, kannada, kurmanji, latin, latvian,
 lithuanian, malayalam, marathi, mongolian, mongolianlmc, monogreek, ngerman, n
german-x-2012-05-30, nynorsk, oriya, panjabi, pinyin, polish, portuguese, roman
ian, russian, sanskrit, serbian, slovak, slovenian, spanish, swedish, swissgerm
an, tamil, telugu, turkish, turkmen, ukenglish, ukrainian, uppersorbian, usengl
ishmax, welsh, loaded.
("C:\Program Files (x86)\MiKTeX 2.9\tex\latex\base\article.cls"
Document Class: article 2007/10/19 v1.4h Standard LaTeX document class
("C:\Program Files (x86)\MiKTeX 2.9\tex\latex\base\size10.clo"
File: size10.clo 2007/10/19 v1.4h Standard LaTeX file (size option)
)
\c@part=\count79
\c@section=\count80
\c@subsection=\count81
\c@subsubsection=\count82
\c@paragraph=\count83
\c@subparagraph=\count84
\c@figure=\count85
\c@table=\count86
\abovecaptionskip=\skip41
\belowcaptionskip=\skip42
\bibindent=\dimen102
)
("C:\Program Files (x86)\MiKTeX 2.9\tex\latex\amsmath\amsmath.sty"
Package: amsmath 2013/01/14 v2.14 AMS math features
\@mathmargin=\skip43

For additional information on amsmath, use the `?' option.
("C:\Program Files (x86)\MiKTeX 2.9\tex\latex\amsmath\amstext.sty"
Package: amstext 2000/06/29 v2.01

("C:\Program Files (x86)\MiKTeX 2.9\tex\latex\amsmath\amsgen.sty"
File: amsgen.sty 1999/11/30 v2.0
\@emptytoks=\toks14
\ex@=\dimen103
))
("C:\Program Files (x86)\MiKTeX 2.9\tex\latex\amsmath\amsbsy.sty"
Package: amsbsy 1999/11/29 v1.2d
\pmbraise@=\dimen104
)
("C:\Program Files (x86)\MiKTeX 2.9\tex\latex\amsmath\amsopn.sty"
Package: amsopn 1999/12/14 v2.01 operator names
)
\inf@bad=\count87
LaTeX Info: Redefining \frac on input line 210.
\uproot@=\count88
\leftroot@=\count89
LaTeX Info: Redefining \overline on input line 306.
\classnum@=\count90
\DOTSCASE@=\count91
LaTeX Info: Redefining \ldots on input line 378.
LaTeX Info: Redefining \dots on input line 381.
LaTeX Info: Redefining \cdots on input line 466.
\Mathstrutbox@=\box26
\strutbox@=\box27
\big@size=\dimen105
LaTeX Font Info:    Redeclaring font encoding OML on input line 566.
LaTeX Font Info:    Redeclaring font encoding OMS on input line 567.
\macc@depth=\count92
\c@MaxMatrixCols=\count93
\dotsspace@=\muskip10
\c@parentequation=\count94
\dspbrk@lvl=\count95
\tag@help=\toks15
\row@=\count96
\column@=\count97
\maxfields@=\count98
\andhelp@=\toks16
\eqnshift@=\dimen106
\alignsep@=\dimen107
\tagshift@=\dimen108
\tagwidth@=\dimen109
\totwidth@=\dimen110
\lineht@=\dimen111
\@envbody=\toks17
\multlinegap=\skip44
\multlinetaggap=\skip45
\mathdisplay@stack=\toks18
LaTeX Info: Redefining \[ on input line 2665.
LaTeX Info: Redefining \] on input line 2666.
)
("C:\Program Files (x86)\MiKTeX 2.9\tex\latex\float\float.sty"
Package: float 2001/11/08 v1.3d Float enhancements (AL)
\c@float@type=\count99
\float@exts=\toks19
\float@box=\box28
\@float@everytoks=\toks20
\@floatcapt=\box29
)
("C:\Program Files (x86)\MiKTeX 2.9\tex\latex\amsfonts\amssymb.sty"
Package: amssymb 2013/01/14 v3.01 AMS font symbols

("C:\Program Files (x86)\MiKTeX 2.9\tex\latex\amsfonts\amsfonts.sty"
Package: amsfonts 2013/01/14 v3.01 Basic AMSFonts support
\symAMSa=\mathgroup4
\symAMSb=\mathgroup5
LaTeX Font Info:    Overwriting math alphabet `\mathfrak' in version `bold'
(Font)                  U/euf/m/n --> U/euf/b/n on input line 106.
))
("C:\Program Files (x86)\MiKTeX 2.9\tex\latex\graphics\graphicx.sty"
Package: graphicx 1999/02/16 v1.0f Enhanced LaTeX Graphics (DPC,SPQR)

("C:\Program Files (x86)\MiKTeX 2.9\tex\latex\graphics\keyval.sty"
Package: keyval 1999/03/16 v1.13 key=value parser (DPC)
\KV@toks@=\toks21
)
("C:\Program Files (x86)\MiKTeX 2.9\tex\latex\graphics\graphics.sty"
Package: graphics 2009/02/05 v1.0o Standard LaTeX Graphics (DPC,SPQR)

("C:\Program Files (x86)\MiKTeX 2.9\tex\latex\graphics\trig.sty"
Package: trig 1999/03/16 v1.09 sin cos tan (DPC)
)
("C:\Program Files (x86)\MiKTeX 2.9\tex\latex\00miktex\graphics.cfg"
File: graphics.cfg 2007/01/18 v1.5 graphics configuration of teTeX/TeXLive
)
Package graphics Info: Driver file: pdftex.def on input line 91.

("C:\Program Files (x86)\MiKTeX 2.9\tex\latex\pdftex-def\pdftex.def"
File: pdftex.def 2011/05/27 v0.06d Graphics/color for pdfTeX

("C:\Program Files (x86)\MiKTeX 2.9\tex\generic\oberdiek\infwarerr.sty"
Package: infwarerr 2010/04/08 v1.3 Providing info/warning/error messages (HO)
)
("C:\Program Files (x86)\MiKTeX 2.9\tex\generic\oberdiek\ltxcmds.sty"
Package: ltxcmds 2011/11/09 v1.22 LaTeX kernel commands for general use (HO)
)
\Gread@gobject=\count100
))
\Gin@req@height=\dimen112
\Gin@req@width=\dimen113
)
("C:\Program Files (x86)\MiKTeX 2.9\tex\latex\geometry\geometry.sty"
Package: geometry 2010/09/12 v5.6 Page Geometry

("C:\Program Files (x86)\MiKTeX 2.9\tex\generic\oberdiek\ifpdf.sty"
Package: ifpdf 2011/01/30 v2.3 Provides the ifpdf switch (HO)
Package ifpdf Info: pdfTeX in PDF mode is detected.
)
("C:\Program Files (x86)\MiKTeX 2.9\tex\generic\oberdiek\ifvtex.sty"
Package: ifvtex 2010/03/01 v1.5 Detect VTeX and its facilities (HO)
Package ifvtex Info: VTeX not detected.
)
("C:\Program Files (x86)\MiKTeX 2.9\tex\generic\ifxetex\ifxetex.sty"
Package: ifxetex 2010/09/12 v0.6 Provides ifxetex conditional
)
\Gm@cnth=\count101
\Gm@cntv=\count102
\c@Gm@tempcnt=\count103
\Gm@bindingoffset=\dimen114
\Gm@wd@mp=\dimen115
\Gm@odd@mp=\dimen116
\Gm@even@mp=\dimen117
\Gm@layoutwidth=\dimen118
\Gm@layoutheight=\dimen119
\Gm@layouthoffset=\dimen120
\Gm@layoutvoffset=\dimen121
\Gm@dimlist=\toks22

("C:\Program Files (x86)\MiKTeX 2.9\tex\latex\geometry\geometry.cfg"))
("C:\Program Files (x86)\MiKTeX 2.9\tex\latex\tools\multicol.sty"
Package: multicol 2011/06/27 v1.7a multicolumn formatting (FMi)
\c@tracingmulticols=\count104
\mult@box=\box30
\multicol@leftmargin=\dimen122
\c@unbalance=\count105
\c@collectmore=\count106
\doublecol@number=\count107
\multicoltolerance=\count108
\multicolpretolerance=\count109
\full@width=\dimen123
\page@free=\dimen124
\premulticols=\dimen125
\postmulticols=\dimen126
\multicolsep=\skip46
\multicolbaselineskip=\skip47
\partial@page=\box31
\last@line=\box32
\mult@rightbox=\box33
\mult@grightbox=\box34
\mult@gfirstbox=\box35
\mult@firstbox=\box36
\@tempa=\box37
\@tempa=\box38
\@tempa=\box39
\@tempa=\box40
\@tempa=\box41
\@tempa=\box42
\@tempa=\box43
\@tempa=\box44
\@tempa=\box45
\@tempa=\box46
\@tempa=\box47
\@tempa=\box48
\@tempa=\box49
\@tempa=\box50
\@tempa=\box51
\@tempa=\box52
\@tempa=\box53
\c@columnbadness=\count110
\c@finalcolumnbadness=\count111
\last@try=\dimen127
\multicolovershoot=\dimen128
\multicolundershoot=\dimen129
\mult@nat@firstbox=\box54
\colbreak@box=\box55
\multicol@sort@counter=\count112
)
(C:\Users\Amy\AppData\Roaming\MiKTeX\2.9\tex\latex\caption\caption.sty
Package: caption 2013/05/02 v3.3-89 Customizing captions (AR)

(C:\Users\Amy\AppData\Roaming\MiKTeX\2.9\tex\latex\caption\caption3.sty
Package: caption3 2013/05/02 v1.6-88 caption3 kernel (AR)
Package caption3 Info: TeX engine: e-TeX on input line 57.
\captionmargin=\dimen130
\captionmargin@=\dimen131
\captionwidth=\dimen132
\caption@tempdima=\dimen133
\caption@indent=\dimen134
\caption@parindent=\dimen135
\caption@hangindent=\dimen136
)
\c@ContinuedFloat=\count113
Package caption Info: float package is loaded.
)
(C:\Users\Amy\AppData\Roaming\MiKTeX\2.9\tex\latex\listings\listings.sty
\lst@mode=\count114
\lst@gtempboxa=\box56
\lst@token=\toks23
\lst@length=\count115
\lst@currlwidth=\dimen137
\lst@column=\count116
\lst@pos=\count117
\lst@lostspace=\dimen138
\lst@width=\dimen139
\lst@newlines=\count118
\lst@lineno=\count119
\lst@maxwidth=\dimen140

(C:\Users\Amy\AppData\Roaming\MiKTeX\2.9\tex\latex\listings\lstmisc.sty
File: lstmisc.sty 2014/09/06 1.5e (Carsten Heinz)
\c@lstnumber=\count120
\lst@skipnumbers=\count121
\lst@framebox=\box57
)
(C:\Users\Amy\AppData\Roaming\MiKTeX\2.9\tex\latex\listings\listings.cfg
File: listings.cfg 2014/09/06 1.5e listings configuration
))
Package: listings 2014/09/06 1.5e (Carsten Heinz)

(C:\Users\Amy\AppData\Roaming\MiKTeX\2.9\tex\latex\cite\cite.sty
LaTeX Info: Redefining \cite on input line 302.
LaTeX Info: Redefining \nocite on input line 373.
Package: cite 2010/09/10  v 5.3
)
(C:\Users\Amy\Documents\GitHub\molecular_dynamics-1\report\MolDynReport.aux)
LaTeX Font Info:    Checking defaults for OML/cmm/m/it on input line 16.
LaTeX Font Info:    ... okay on input line 16.
LaTeX Font Info:    Checking defaults for T1/cmr/m/n on input line 16.
LaTeX Font Info:    ... okay on input line 16.
LaTeX Font Info:    Checking defaults for OT1/cmr/m/n on input line 16.
LaTeX Font Info:    ... okay on input line 16.
LaTeX Font Info:    Checking defaults for OMS/cmsy/m/n on input line 16.
LaTeX Font Info:    ... okay on input line 16.
LaTeX Font Info:    Checking defaults for OMX/cmex/m/n on input line 16.
LaTeX Font Info:    ... okay on input line 16.
LaTeX Font Info:    Checking defaults for U/cmr/m/n on input line 16.
LaTeX Font Info:    ... okay on input line 16.

(C:\Users\Amy\AppData\Roaming\MiKTeX\2.9\tex\context\base\supp-pdf.mkii
[Loading MPS to PDF converter (version 2006.09.02).]
\scratchcounter=\count122
\scratchdimen=\dimen141
\scratchbox=\box58
\nofMPsegments=\count123
\nofMParguments=\count124
\everyMPshowfont=\toks24
\MPscratchCnt=\count125
\MPscratchDim=\dimen142
\MPnumerator=\count126
\makeMPintoPDFobject=\count127
\everyMPtoPDFconversion=\toks25
)
*geometry* driver: auto-detecting
*geometry* detected driver: pdftex
*geometry* verbose mode - [ preamble ] result:
* driver: pdftex
* paper: <default>
* layout: <same size as paper>
* layoutoffset:(h,v)=(0.0pt,0.0pt)
* modes: 
* h-part:(L,W,R)=(72.26999pt, 469.75502pt, 72.26999pt)
* v-part:(T,H,B)=(72.26999pt, 650.43001pt, 72.26999pt)
* \paperwidth=614.295pt
* \paperheight=794.96999pt
* \textwidth=469.75502pt
* \textheight=650.43001pt
* \oddsidemargin=0.0pt
* \evensidemargin=0.0pt
* \topmargin=-37.0pt
* \headheight=12.0pt
* \headsep=25.0pt
* \topskip=10.0pt
* \footskip=30.0pt
* \marginparwidth=65.0pt
* \marginparsep=11.0pt
* \columnsep=10.0pt
* \skip\footins=9.0pt plus 4.0pt minus 2.0pt
* \hoffset=0.0pt
* \voffset=0.0pt
* \mag=1000
* \@twocolumnfalse
* \@twosidefalse
* \@mparswitchfalse
* \@reversemarginfalse
* (1in=72.27pt=25.4mm, 1cm=28.453pt)

Package caption Info: Begin \AtBeginDocument code.
Package caption Info: listings package is loaded.
Package caption Info: End \AtBeginDocument code.
\c@lstlisting=\count128
LaTeX Font Info:    Try loading font information for U+msa on input line 20.
("C:\Program Files (x86)\MiKTeX 2.9\tex\latex\amsfonts\umsa.fd"
File: umsa.fd 2013/01/14 v3.01 AMS symbols A
)
LaTeX Font Info:    Try loading font information for U+msb on input line 20.

("C:\Program Files (x86)\MiKTeX 2.9\tex\latex\amsfonts\umsb.fd"
File: umsb.fd 2013/01/14 v3.01 AMS symbols B
)
Underfull \hbox (badness 10000) in paragraph at lines 22--23

 []


Underfull \hbox (badness 10000) in paragraph at lines 28--29

 []


Underfull \hbox (badness 10000) in paragraph at lines 30--31

 []

<plots/crystal_structure.png, id=1, 158.84344pt x 122.70844pt>
File: plots/crystal_structure.png Graphic file (type png)

<use plots/crystal_structure.png>
Package pdftex.def Info: plots/crystal_structure.png used on input line 43.
(pdftex.def)             Requested size: 149.41896pt x 115.43768pt.
 [1

{C:/Users/Amy/AppData/Local/MiKTeX/2.9/pdftex/config/pdftex.map} <C:/Users/Amy/
Documents/GitHub/molecular_dynamics-1/report/plots/crystal_structure.png>]
<plots/fcc_crystal.png, id=13, 274.77657pt x 179.16937pt>
File: plots/fcc_crystal.png Graphic file (type png)

<use plots/fcc_crystal.png>
Package pdftex.def Info: plots/fcc_crystal.png used on input line 54.
(pdftex.def)             Requested size: 103.44417pt x 67.45079pt.

<plots/hcp_crystal.png, id=14, 262.73157pt x 167.12437pt>
File: plots/hcp_crystal.png Graphic file (type png)

<use plots/hcp_crystal.png>
Package pdftex.def Info: plots/hcp_crystal.png used on input line 54.
(pdftex.def)             Requested size: 103.44417pt x 65.80046pt.

Overfull \hbox (1.01083pt too wide) in paragraph at lines 53--56
 [] 
 []


Underfull \hbox (badness 10000) in paragraph at lines 70--71

 []


Underfull \hbox (badness 10000) in paragraph at lines 92--93

 []

<plots/VLJ.pdf, id=15, 361.35pt x 207.77625pt>
File: plots/VLJ.pdf Graphic file (type pdf)
 <use plots/VLJ.pdf>
Package pdftex.def Info: plots/VLJ.pdf used on input line 96.
(pdftex.def)             Requested size: 229.8775pt x 132.18056pt.
 [2 <C:/Users/Amy/Documents/GitHub/molecular_dynamics-1/report/plots/fcc_crysta
l.png> <C:/Users/Amy/Documents/GitHub/molecular_dynamics-1/report/plots/hcp_cry
stal.png> <C:/Users/Amy/Documents/GitHub/molecular_dynamics-1/report/plots/VLJ.
pdf>]
Underfull \hbox (badness 10000) in paragraph at lines 135--136

 []


Underfull \hbox (badness 10000) in paragraph at lines 163--164

 []


Underfull \hbox (badness 10000) in paragraph at lines 177--178

 []


Underfull \hbox (badness 10000) in paragraph at lines 197--198

 []


LaTeX Warning: Command \r invalid in math mode on input line 199.


Underfull \hbox (badness 10000) in paragraph at lines 199--200

 []

[3]
Underfull \hbox (badness 10000) in paragraph at lines 201--202

 []


Underfull \hbox (badness 10000) in paragraph at lines 255--256

 []


LaTeX Warning: Command \r invalid in math mode on input line 277.

[4]
Underfull \hbox (badness 10000) in paragraph at lines 281--282

 []


Underfull \hbox (badness 10000) in paragraph at lines 283--284

 []



pdfTeX warning: pdflatex.EXE (file C:/Users/Amy/Documents/GitHub/molecular_dyna
mics-1/report/plots/energyT1rho088N864lpnum1000.pdf): PDF inclusion: found PDF 
version <1.6>, but at most version <1.5> allowed
<plots/energyT1rho088N864lpnum1000.pdf, id=48, 815.045pt x 614.295pt>
File: plots/energyT1rho088N864lpnum1000.pdf Graphic file (type pdf)

<use plots/energyT1rho088N864lpnum1000.pdf>
Package pdftex.def Info: plots/energyT1rho088N864lpnum1000.pdf used on input li
ne 289.
(pdftex.def)             Requested size: 229.8775pt x 173.25745pt.


LaTeX Warning: Command \r invalid in math mode on input line 290.


LaTeX Warning: Command \r invalid in math mode on input line 290.


Underfull \hbox (badness 10000) in paragraph at lines 297--298

 []


Underfull \hbox (badness 10000) in paragraph at lines 299--300

 []



pdfTeX warning: pdflatex.EXE (file C:/Users/Amy/Documents/GitHub/molecular_dyna
mics-1/report/plots/renormalizationshorttimerange.pdf): PDF inclusion: found PD
F version <1.6>, but at most version <1.5> allowed
<plots/renormalizationshorttimerange.pdf, id=49, 815.045pt x 614.295pt>
File: plots/renormalizationshorttimerange.pdf Graphic file (type pdf)

<use plots/renormalizationshorttimerange.pdf>
Package pdftex.def Info: plots/renormalizationshorttimerange.pdf used on input 
line 305.
(pdftex.def)             Requested size: 229.8775pt x 173.25745pt.
 [5 <C:/Users/Amy/Documents/GitHub/molecular_dynamics-1/report/plots/energyT1rh
o088N864lpnum1000.pdf>]

pdfTeX warning: pdflatex.EXE (file C:/Users/Amy/Documents/GitHub/molecular_dyna
mics-1/report/plots/correlationfunctionT05rho12x.pdf): PDF inclusion: found PDF
 version <1.6>, but at most version <1.5> allowed
<plots/correlationfunctionT05rho12x.pdf, id=56, 815.045pt x 614.295pt>
File: plots/correlationfunctionT05rho12x.pdf Graphic file (type pdf)

<use plots/correlationfunctionT05rho12x.pdf>
Package pdftex.def Info: plots/correlationfunctionT05rho12x.pdf used on input l
ine 329.
(pdftex.def)             Requested size: 229.8775pt x 173.25745pt.


LaTeX Warning: Command \r invalid in math mode on input line 330.


LaTeX Warning: Command \r invalid in math mode on input line 330.



pdfTeX warning: pdflatex.EXE (file C:/Users/Amy/Documents/GitHub/molecular_dyna
mics-1/report/plots/corfunct1rho08n864lp500.pdf): PDF inclusion: found PDF vers
ion <1.6>, but at most version <1.5> allowed
<plots/corfunct1rho08n864lp500.pdf, id=57, 815.045pt x 614.295pt>
File: plots/corfunct1rho08n864lp500.pdf Graphic file (type pdf)

<use plots/corfunct1rho08n864lp500.pdf>
Package pdftex.def Info: plots/corfunct1rho08n864lp500.pdf used on input line 3
40.
(pdftex.def)             Requested size: 229.8775pt x 173.25745pt.


LaTeX Warning: Command \r invalid in math mode on input line 341.


LaTeX Warning: Command \r invalid in math mode on input line 341.



pdfTeX warning: pdflatex.EXE (file C:/Users/Amy/Documents/GitHub/molecular_dyna
mics-1/report/plots/correlationfunctionT3Rho03x.pdf): PDF inclusion: found PDF 
version <1.6>, but at most version <1.5> allowed
<plots/correlationfunctionT3Rho03x.pdf, id=58, 815.045pt x 614.295pt>
File: plots/correlationfunctionT3Rho03x.pdf Graphic file (type pdf)

<use plots/correlationfunctionT3Rho03x.pdf>
Package pdftex.def Info: plots/correlationfunctionT3Rho03x.pdf used on input li
ne 348.
(pdftex.def)             Requested size: 229.8775pt x 173.25745pt.


LaTeX Warning: Command \r invalid in math mode on input line 349.


LaTeX Warning: Command \r invalid in math mode on input line 349.


LaTeX Warning: Command \r invalid in math mode on input line 359.


LaTeX Warning: Command \r invalid in math mode on input line 359.


LaTeX Warning: Command \r invalid in math mode on input line 359.


LaTeX Warning: Command \r invalid in math mode on input line 359.


LaTeX Warning: Command \r invalid in math mode on input line 359.


Underfull \hbox (badness 10000) in paragraph at lines 369--370

 []



pdfTeX warning: pdflatex.EXE (file C:/Users/Amy/Documents/GitHub/molecular_dyna
mics-1/report/plots/presn100lp10000T1rho088prt864.pdf): PDF inclusion: found PD
F version <1.6>, but at most version <1.5> allowed
<plots/presn100lp10000T1rho088prt864.pdf, id=59, 815.045pt x 614.295pt>
File: plots/presn100lp10000T1rho088prt864.pdf Graphic file (type pdf)

<use plots/presn100lp10000T1rho088prt864.pdf>
Package pdftex.def Info: plots/presn100lp10000T1rho088prt864.pdf used on input 
line 374.
(pdftex.def)             Requested size: 229.8775pt x 173.25745pt.


LaTeX Warning: Command \r invalid in math mode on input line 375.


LaTeX Warning: Command \r invalid in math mode on input line 375.

[6 <C:/Users/Amy/Documents/GitHub/molecular_dynamics-1/report/plots/renormaliza
tionshorttimerange.pdf> <C:/Users/Amy/Documents/GitHub/molecular_dynamics-1/rep
ort/plots/correlationfunctionT05rho12x.pdf> <C:/Users/Amy/Documents/GitHub/mole
cular_dynamics-1/report/plots/corfunct1rho08n864lp500.pdf> <C:/Users/Amy/Docume
nts/GitHub/molecular_dynamics-1/report/plots/correlationfunctionT3Rho03x.pdf>]
Underfull \hbox (badness 10000) in paragraph at lines 380--381

 []


LaTeX Warning: Command \r invalid in math mode on input line 382.


LaTeX Warning: Command \r invalid in math mode on input line 387.


LaTeX Warning: Command \r invalid in math mode on input line 387.


LaTeX Warning: Command \r invalid in math mode on input line 387.


LaTeX Warning: Command \r invalid in math mode on input line 387.


LaTeX Warning: Command \r invalid in math mode on input line 387.


LaTeX Warning: Command \r invalid in math mode on input line 387.


Underfull \hbox (badness 10000) in paragraph at lines 387--388

 []

[7 <C:/Users/Amy/Documents/GitHub/molecular_dynamics-1/report/plots/presn100lp1
0000T1rho088prt864.pdf>]
Underfull \hbox (badness 10000) in paragraph at lines 396--397

 []


Underfull \hbox (badness 10000) in paragraph at lines 398--399

 []


Underfull \hbox (badness 10000) in paragraph at lines 414--415

 []


Underfull \hbox (badness 10000) in paragraph at lines 416--417

 []

(C:\Users\Amy\Documents\GitHub\molecular_dynamics-1\report\MolDynReport.bbl)
[8] (C:\Users\Amy\Documents\GitHub\molecular_dynamics-1\report\MolDynReport.aux
) ) 
Here is how much of TeX's memory you used:
 5063 strings out of 493921
 74523 string characters out of 3144882
 148882 words of memory out of 3000000
 8299 multiletter control sequences out of 15000+200000
 12468 words of font info for 48 fonts, out of 3000000 for 9000
 841 hyphenation exceptions out of 8191
 36i,19n,38p,1326b,459s stack positions out of 5000i,500n,10000p,200000b,50000s
<C:/Program Files (x86)/MiKTeX 2.9/fonts/type1/public/amsfonts/cm/cmbx10.pfb
><C:/Program Files (x86)/MiKTeX 2.9/fonts/type1/public/amsfonts/cm/cmbx12.pfb><
C:/Program Files (x86)/MiKTeX 2.9/fonts/type1/public/amsfonts/cm/cmex10.pfb><C:
/Program Files (x86)/MiKTeX 2.9/fonts/type1/public/amsfonts/cm/cmmi10.pfb><C:/P
rogram Files (x86)/MiKTeX 2.9/fonts/type1/public/amsfonts/cm/cmmi5.pfb><C:/Prog
ram Files (x86)/MiKTeX 2.9/fonts/type1/public/amsfonts/cm/cmmi7.pfb><C:/Program
 Files (x86)/MiKTeX 2.9/fonts/type1/public/amsfonts/cm/cmr10.pfb><C:/Program Fi
les (x86)/MiKTeX 2.9/fonts/type1/public/amsfonts/cm/cmr12.pfb><C:/Program Files
 (x86)/MiKTeX 2.9/fonts/type1/public/amsfonts/cm/cmr17.pfb><C:/Program Files (x
86)/MiKTeX 2.9/fonts/type1/public/amsfonts/cm/cmr5.pfb><C:/Program Files (x86)/
MiKTeX 2.9/fonts/type1/public/amsfonts/cm/cmr7.pfb><C:/Program Files (x86)/MiKT
eX 2.9/fonts/type1/public/amsfonts/cm/cmsy10.pfb><C:/Program Files (x86)/MiKTeX
 2.9/fonts/type1/public/amsfonts/cm/cmsy7.pfb><C:/Program Files (x86)/MiKTeX 2.
9/fonts/type1/public/amsfonts/cm/cmti10.pfb>
Output written on MolDynReport.pdf (8 pages, 689954 bytes).
PDF statistics:
 130 PDF objects out of 1000 (max. 8388607)
 0 named destinations out of 1000 (max. 500000)
 51 words of extra memory for PDF output out of 10000 (max. 10000000)

